<?xml version="1.0" encoding="UTF-8"?>
<testng-results skipped="0" failed="0" ignored="0" total="1" passed="1">
  <reporter-output>
    <line>
      <![CDATA[Assertion Passed: User is navigated to search result screen for New Delhi]]>
    </line>
  </reporter-output>
  <suite name="Default suite" duration-ms="1468" started-at="2017-10-18T11:10:48Z" finished-at="2017-10-18T11:10:50Z">
    <groups>
    </groups>
    <test name="Default test" duration-ms="1468" started-at="2017-10-18T11:10:48Z" finished-at="2017-10-18T11:10:50Z">
      <class name="com.fabHotels.test.DeepLinkVerification">
        <test-method status="PASS" signature="Verify_DeepLink_Takes_User_For_New_Delhi_Search_Result()[pri:0, instance:com.fabHotels.test.DeepLinkVerification@482f8f11]" name="Verify_DeepLink_Takes_User_For_New_Delhi_Search_Result" duration-ms="1451" started-at="2017-10-18T16:40:48Z" finished-at="2017-10-18T16:40:50Z">
          <reporter-output>
            <line>
              <![CDATA[Assertion Passed: User is navigated to search result screen for New Delhi]]>
            </line>
          </reporter-output>
        </test-method> <!-- Verify_DeepLink_Takes_User_For_New_Delhi_Search_Result -->
      </class> <!-- com.fabHotels.test.DeepLinkVerification -->
    </test> <!-- Default test -->
  </suite> <!-- Default suite -->
</testng-results>
